2023-10-13 11:15:54,317 INFO using config /home/sscf/.config/twarc/config
2023-10-13 11:15:54,318 INFO creating config file: /home/sscf/.config/twarc/config
2023-10-13 11:15:54,318 INFO creating config directory: /home/sscf/.config/twarc
2023-10-13 11:21:45,030 INFO using config /home/sscf/.config/twarc/config
2023-10-13 11:21:45,030 INFO creating HTTP session headers for app auth.
2023-10-13 11:21:45,054 INFO getting ('https://api.twitter.com/2/tweets/search/recent',) {'params': {'expansions': 'author_id,in_reply_to_user_id,referenced_tweets.id,referenced_tweets.id.author_id,entities.mentions.username,attachments.poll_ids,attachments.media_keys,geo.place_id,edit_history_tweet_ids', 'tweet.fields': 'attachments,author_id,context_annotations,conversation_id,created_at,entities,geo,id,in_reply_to_user_id,lang,public_metrics,text,possibly_sensitive,referenced_tweets,reply_settings,source,withheld,edit_controls,edit_history_tweet_ids', 'user.fields': 'created_at,description,entities,id,location,name,pinned_tweet_id,profile_image_url,protected,public_metrics,url,username,verified,verified_type,withheld', 'media.fields': 'alt_text,duration_ms,height,media_key,preview_image_url,type,url,width,variants,public_metrics', 'poll.fields': 'duration_minutes,end_datetime,id,options,voting_status', 'place.fields': 'contained_within,country,country_code,full_name,geo,id,name,place_type', 'start_time': None, 'end_time': None, 'query': 'blacklivesmatter', 'max_results': 100}}
2023-10-13 11:21:45,574 ERROR Unexpected HTTP response: <Response [403]>
2023-10-13 11:23:38,455 INFO using config /home/sscf/.config/twarc/config
2023-10-13 11:23:38,455 INFO creating HTTP session headers for app auth.
2023-10-13 11:23:38,460 INFO getting ('https://api.twitter.com/2/tweets/search/recent',) {'params': {'expansions': 'author_id,in_reply_to_user_id,referenced_tweets.id,referenced_tweets.id.author_id,entities.mentions.username,attachments.poll_ids,attachments.media_keys,geo.place_id,edit_history_tweet_ids', 'tweet.fields': 'attachments,author_id,context_annotations,conversation_id,created_at,entities,geo,id,in_reply_to_user_id,lang,public_metrics,text,possibly_sensitive,referenced_tweets,reply_settings,source,withheld,edit_controls,edit_history_tweet_ids', 'user.fields': 'created_at,description,entities,id,location,name,pinned_tweet_id,profile_image_url,protected,public_metrics,url,username,verified,verified_type,withheld', 'media.fields': 'alt_text,duration_ms,height,media_key,preview_image_url,type,url,width,variants,public_metrics', 'poll.fields': 'duration_minutes,end_datetime,id,options,voting_status', 'place.fields': 'contained_within,country,country_code,full_name,geo,id,name,place_type', 'start_time': None, 'end_time': None, 'query': 'blacklivesmatter', 'max_results': 100}}
2023-10-13 11:23:38,885 ERROR Unexpected HTTP response: <Response [401]>
2023-10-13 11:24:29,118 INFO using config /home/sscf/.config/twarc/config
2023-10-13 11:24:29,118 INFO creating HTTP session headers for app auth.
2023-10-13 11:24:29,124 INFO getting ('https://api.twitter.com/2/tweets/search/recent',) {'params': {'expansions': 'author_id,in_reply_to_user_id,referenced_tweets.id,referenced_tweets.id.author_id,entities.mentions.username,attachments.poll_ids,attachments.media_keys,geo.place_id,edit_history_tweet_ids', 'tweet.fields': 'attachments,author_id,context_annotations,conversation_id,created_at,entities,geo,id,in_reply_to_user_id,lang,public_metrics,text,possibly_sensitive,referenced_tweets,reply_settings,source,withheld,edit_controls,edit_history_tweet_ids', 'user.fields': 'created_at,description,entities,id,location,name,pinned_tweet_id,profile_image_url,protected,public_metrics,url,username,verified,verified_type,withheld', 'media.fields': 'alt_text,duration_ms,height,media_key,preview_image_url,type,url,width,variants,public_metrics', 'poll.fields': 'duration_minutes,end_datetime,id,options,voting_status', 'place.fields': 'contained_within,country,country_code,full_name,geo,id,name,place_type', 'start_time': None, 'end_time': None, 'query': 'blacklivesmatter', 'max_results': 100}}
2023-10-13 11:24:29,493 ERROR Unexpected HTTP response: <Response [401]>
2023-10-13 11:25:07,942 INFO using config /home/sscf/.config/twarc/config
2023-10-13 11:25:07,943 INFO creating HTTP session headers for app auth.
2023-10-13 11:25:07,943 INFO creating config file: /home/sscf/.config/twarc/config
2023-10-13 11:25:20,072 INFO using config /home/sscf/.config/twarc/config
2023-10-13 11:25:20,072 INFO creating HTTP session headers for app auth.
2023-10-13 11:25:20,084 INFO getting ('https://api.twitter.com/2/tweets/search/recent',) {'params': {'expansions': 'author_id,in_reply_to_user_id,referenced_tweets.id,referenced_tweets.id.author_id,entities.mentions.username,attachments.poll_ids,attachments.media_keys,geo.place_id,edit_history_tweet_ids', 'tweet.fields': 'attachments,author_id,context_annotations,conversation_id,created_at,entities,geo,id,in_reply_to_user_id,lang,public_metrics,text,possibly_sensitive,referenced_tweets,reply_settings,source,withheld,edit_controls,edit_history_tweet_ids', 'user.fields': 'created_at,description,entities,id,location,name,pinned_tweet_id,profile_image_url,protected,public_metrics,url,username,verified,verified_type,withheld', 'media.fields': 'alt_text,duration_ms,height,media_key,preview_image_url,type,url,width,variants,public_metrics', 'poll.fields': 'duration_minutes,end_datetime,id,options,voting_status', 'place.fields': 'contained_within,country,country_code,full_name,geo,id,name,place_type', 'start_time': None, 'end_time': None, 'query': 'blacklivesmatter', 'max_results': 100}}
2023-10-13 11:25:20,404 ERROR Unexpected HTTP response: <Response [403]>
